<?xml version="1.0" encoding="UTF-8"?>
<testng-results skipped="0" failed="1" total="6" passed="5">
  <reporter-output>
  </reporter-output>
  <suite name="Suite" duration-ms="32020" started-at="2020-04-29T19:04:27Z" finished-at="2020-04-29T19:04:59Z">
    <groups>
    </groups>
    <test name="Test2" duration-ms="21900" started-at="2020-04-29T19:04:27Z" finished-at="2020-04-29T19:04:49Z">
      <class name="CompleteIntegration.HomePage">
        <test-method status="PASS" signature="initialize()[pri:0, instance:CompleteIntegration.HomePage@765d7657]" name="initialize" is-config="true" duration-ms="3385" started-at="2020-04-29T12:04:27Z" finished-at="2020-04-29T12:04:30Z">
          <reporter-output>
          </reporter-output>
        </test-method> <!-- initialize -->
        <test-method status="PASS" signature="basePageNavigation(java.lang.String, java.lang.String, java.lang.String)[pri:0, instance:CompleteIntegration.HomePage@765d7657]" name="basePageNavigation" duration-ms="8299" started-at="2020-04-29T12:04:30Z" data-provider="getData" finished-at="2020-04-29T12:04:38Z">
          <params>
            <param index="0">
              <value>
                <![CDATA[test@test.com]]>
              </value>
            </param>
            <param index="1">
              <value>
                <![CDATA[test123]]>
              </value>
            </param>
            <param index="2">
              <value>
                <![CDATA[non-restricted user]]>
              </value>
            </param>
          </params>
          <reporter-output>
          </reporter-output>
        </test-method> <!-- basePageNavigation -->
        <test-method status="PASS" signature="basePageNavigation(java.lang.String, java.lang.String, java.lang.String)[pri:0, instance:CompleteIntegration.HomePage@765d7657]" name="basePageNavigation" duration-ms="5346" started-at="2020-04-29T12:04:38Z" data-provider="getData" finished-at="2020-04-29T12:04:44Z">
          <params>
            <param index="0">
              <value>
                <![CDATA[testrestrict@test.com]]>
              </value>
            </param>
            <param index="1">
              <value>
                <![CDATA[test123]]>
              </value>
            </param>
            <param index="2">
              <value>
                <![CDATA[restricted user]]>
              </value>
            </param>
          </params>
          <reporter-output>
          </reporter-output>
        </test-method> <!-- basePageNavigation -->
        <test-method status="PASS" signature="basePageNavigation(java.lang.String, java.lang.String, java.lang.String)[pri:0, instance:CompleteIntegration.HomePage@765d7657]" name="basePageNavigation" duration-ms="4665" started-at="2020-04-29T12:04:44Z" data-provider="getData" finished-at="2020-04-29T12:04:48Z">
          <params>
            <param index="0">
              <value>
                <![CDATA[testrestrictnew@test.com]]>
              </value>
            </param>
            <param index="1">
              <value>
                <![CDATA[test123]]>
              </value>
            </param>
            <param index="2">
              <value>
                <![CDATA[restricted1 user]]>
              </value>
            </param>
          </params>
          <reporter-output>
          </reporter-output>
        </test-method> <!-- basePageNavigation -->
        <test-method status="PASS" signature="closewindow()[pri:0, instance:CompleteIntegration.HomePage@765d7657]" name="closewindow" is-config="true" duration-ms="195" started-at="2020-04-29T12:04:48Z" finished-at="2020-04-29T12:04:49Z">
          <reporter-output>
          </reporter-output>
        </test-method> <!-- closewindow -->
      </class> <!-- CompleteIntegration.HomePage -->
    </test> <!-- Test2 -->
    <test name="Test1" duration-ms="3" started-at="2020-04-29T19:04:49Z" finished-at="2020-04-29T19:04:49Z">
      <class name="CompleteIntegration.AppTest">
        <test-method status="PASS" signature="testApp()[pri:0, instance:CompleteIntegration.AppTest@6a6cb05c]" name="testApp" duration-ms="2" started-at="2020-04-29T12:04:49Z" finished-at="2020-04-29T12:04:49Z">
          <reporter-output>
          </reporter-output>
        </test-method> <!-- testApp -->
      </class> <!-- CompleteIntegration.AppTest -->
    </test> <!-- Test1 -->
    <test name="Test3" duration-ms="5665" started-at="2020-04-29T19:04:49Z" finished-at="2020-04-29T19:04:54Z">
      <class name="CompleteIntegration.ValidateTitle">
        <test-method status="PASS" signature="initialize()[pri:0, instance:CompleteIntegration.ValidateTitle@1165b38]" name="initialize" is-config="true" duration-ms="4306" started-at="2020-04-29T12:04:49Z" finished-at="2020-04-29T12:04:53Z">
          <reporter-output>
          </reporter-output>
        </test-method> <!-- initialize -->
        <test-method status="FAIL" signature="PageTitle()[pri:0, instance:CompleteIntegration.ValidateTitle@1165b38]" name="PageTitle" duration-ms="32" started-at="2020-04-29T12:04:53Z" finished-at="2020-04-29T12:04:53Z">
          <exception class="java.lang.AssertionError">
            <message>
              <![CDATA[expected [FEATURED COURSES777] but found [FEATURED COURSES]]]>
            </message>
            <full-stacktrace>
              <![CDATA[java.lang.AssertionError: expected [FEATURED COURSES777] but found [FEATURED COURSES]
	at org.testng.Assert.fail(Assert.java:94)
	at org.testng.Assert.failNotEquals(Assert.java:494)
	at org.testng.Assert.assertEquals(Assert.java:123)
	at org.testng.Assert.assertEquals(Assert.java:176)
	at org.testng.Assert.assertEquals(Assert.java:186)
	at CompleteIntegration.ValidateTitle.PageTitle(ValidateTitle.java:34)
	at sun.reflect.NativeMethodAccessorImpl.invoke0(Native Method)
	at sun.reflect.NativeMethodAccessorImpl.invoke(NativeMethodAccessorImpl.java:62)
	at sun.reflect.DelegatingMethodAccessorImpl.invoke(DelegatingMethodAccessorImpl.java:43)
	at java.lang.reflect.Method.invoke(Method.java:497)
	at org.testng.internal.MethodInvocationHelper.invokeMethod(MethodInvocationHelper.java:80)
	at org.testng.internal.Invoker.invokeMethod(Invoker.java:714)
	at org.testng.internal.Invoker.invokeTestMethod(Invoker.java:901)
	at org.testng.internal.Invoker.invokeTestMethods(Invoker.java:1231)
	at org.testng.internal.TestMethodWorker.invokeTestMethods(TestMethodWorker.java:127)
	at org.testng.internal.TestMethodWorker.run(TestMethodWorker.java:111)
	at org.testng.TestRunner.privateRun(TestRunner.java:767)
	at org.testng.TestRunner.run(TestRunner.java:617)
	at org.testng.SuiteRunner.runTest(SuiteRunner.java:334)
	at org.testng.SuiteRunner.runSequentially(SuiteRunner.java:329)
	at org.testng.SuiteRunner.privateRun(SuiteRunner.java:291)
	at org.testng.SuiteRunner.run(SuiteRunner.java:240)
	at org.testng.SuiteRunnerWorker.runSuite(SuiteRunnerWorker.java:52)
	at org.testng.SuiteRunnerWorker.run(SuiteRunnerWorker.java:86)
	at org.testng.TestNG.runSuitesSequentially(TestNG.java:1198)
	at org.testng.TestNG.runSuitesLocally(TestNG.java:1123)
	at org.testng.TestNG.run(TestNG.java:1031)
	at org.apache.maven.surefire.testng.TestNGExecutor.run(TestNGExecutor.java:283)
	at org.apache.maven.surefire.testng.TestNGXmlTestSuite.execute(TestNGXmlTestSuite.java:75)
	at org.apache.maven.surefire.testng.TestNGProvider.invoke(TestNGProvider.java:120)
	at org.apache.maven.surefire.booter.ForkedBooter.runSuitesInProcess(ForkedBooter.java:377)
	at org.apache.maven.surefire.booter.ForkedBooter.execute(ForkedBooter.java:138)
	at org.apache.maven.surefire.booter.ForkedBooter.run(ForkedBooter.java:465)
	at org.apache.maven.surefire.booter.ForkedBooter.main(ForkedBooter.java:451)
]]>
            </full-stacktrace>
          </exception> <!-- java.lang.AssertionError -->
          <reporter-output>
          </reporter-output>
        </test-method> <!-- PageTitle -->
        <test-method status="PASS" signature="closewindow()[pri:0, instance:CompleteIntegration.ValidateTitle@1165b38]" name="closewindow" is-config="true" duration-ms="112" started-at="2020-04-29T12:04:54Z" finished-at="2020-04-29T12:04:54Z">
          <reporter-output>
          </reporter-output>
        </test-method> <!-- closewindow -->
      </class> <!-- CompleteIntegration.ValidateTitle -->
    </test> <!-- Test3 -->
    <test name="Test4" duration-ms="4429" started-at="2020-04-29T19:04:54Z" finished-at="2020-04-29T19:04:59Z">
      <class name="CompleteIntegration.ValidateNavigationBar">
        <test-method status="PASS" signature="initialize()[pri:0, instance:CompleteIntegration.ValidateNavigationBar@6150c3ec]" name="initialize" is-config="true" duration-ms="4291" started-at="2020-04-29T12:04:54Z" finished-at="2020-04-29T12:04:59Z">
          <reporter-output>
          </reporter-output>
        </test-method> <!-- initialize -->
        <test-method status="PASS" signature="PageNavigation()[pri:0, instance:CompleteIntegration.ValidateNavigationBar@6150c3ec]" name="PageNavigation" duration-ms="59" started-at="2020-04-29T12:04:59Z" finished-at="2020-04-29T12:04:59Z">
          <reporter-output>
          </reporter-output>
        </test-method> <!-- PageNavigation -->
        <test-method status="PASS" signature="closewindow()[pri:0, instance:CompleteIntegration.ValidateNavigationBar@6150c3ec]" name="closewindow" is-config="true" duration-ms="79" started-at="2020-04-29T12:04:59Z" finished-at="2020-04-29T12:04:59Z">
          <reporter-output>
          </reporter-output>
        </test-method> <!-- closewindow -->
      </class> <!-- CompleteIntegration.ValidateNavigationBar -->
    </test> <!-- Test4 -->
  </suite> <!-- Suite -->
</testng-results>
